0 info it worked if it ends with ok
1 verbose cli [ 'node',
1 verbose cli   'C:\\Users\\Administrator\\AppData\\Roaming\\npm\\node_modules\\cnpm\\node_modules\\npm\\bin\\npm-cli.js',
1 verbose cli   '--userconfig=C:\\Users\\Administrator\\.cnpmrc',
1 verbose cli   '--disturl=https://npm.taobao.org/mirrors/node',
1 verbose cli   '--cache=C:\\Users\\Administrator\\.cnpm',
1 verbose cli   '--registry=https://registry.npm.taobao.org',
1 verbose cli   '--node-gyp=C:\\Users\\Administrator\\AppData\\Roaming\\npm\\node_modules\\cnpm\\node_modules\\pangyp\\bin\\node-gyp.js',
1 verbose cli   'install' ]
2 info using npm@2.13.4
3 info using node@v0.12.2
4 verbose readDependencies loading dependencies from E:\git\summarize\package.json
5 error install Couldn't read dependencies
6 verbose stack Error: ENOENT, open 'E:\git\summarize\package.json'
6 verbose stack     at Error (native)
7 verbose cwd E:\git\summarize
8 error Windows_NT 6.1.7601
9 error argv "node" "C:\\Users\\Administrator\\AppData\\Roaming\\npm\\node_modules\\cnpm\\node_modules\\npm\\bin\\npm-cli.js" "--userconfig=C:\\Users\\Administrator\\.cnpmrc" "--disturl=https://npm.taobao.org/mirrors/node" "--cache=C:\\Users\\Administrator\\.cnpm" "--registry=https://registry.npm.taobao.org" "--node-gyp=C:\\Users\\Administrator\\AppData\\Roaming\\npm\\node_modules\\cnpm\\node_modules\\pangyp\\bin\\node-gyp.js" "install"
10 error node v0.12.2
11 error npm  v2.13.4
12 error path E:\git\summarize\package.json
13 error code ENOPACKAGEJSON
14 error errno -4058
15 error package.json ENOENT, open 'E:\git\summarize\package.json'
15 error package.json This is most likely not a problem with npm itself.
15 error package.json npm can't find a package.json file in your current directory.
16 verbose exit [ -4058, true ]
